2019-08-06 14:50:42.184  INFO 24968 --- [restartedMain] n.p.s.c.convertor.DemoApplication        : Starting DemoApplication on Pranvi with PID 24968 (D:\Pratik\WORK\WORKSPACE\GIT_WORKSPACES\SpringToolSuite\CurrencyConvertor\target\classes started by Pratik Mehta in D:\Pratik\WORK\WORKSPACE\GIT_WORKSPACES\SpringToolSuite\CurrencyConvertor)
2019-08-06 14:50:42.184  INFO 24968 --- [restartedMain] n.p.s.c.convertor.DemoApplication        : No active profile set, falling back to default profiles: default
2019-08-06 14:50:42.402  INFO 24968 --- [restartedMain] n.p.s.c.convertor.DemoApplication        : Started DemoApplication in 0.231 seconds (JVM running for 266.625)
2019-08-06 14:52:11.578  INFO 24968 --- [restartedMain] n.p.s.c.convertor.DemoApplication        : Starting DemoApplication on Pranvi with PID 24968 (D:\Pratik\WORK\WORKSPACE\GIT_WORKSPACES\SpringToolSuite\CurrencyConvertor\target\classes started by Pratik Mehta in D:\Pratik\WORK\WORKSPACE\GIT_WORKSPACES\SpringToolSuite\CurrencyConvertor)
2019-08-06 14:52:11.578  INFO 24968 --- [restartedMain] n.p.s.c.convertor.DemoApplication        : No active profile set, falling back to default profiles: default
2019-08-06 14:52:11.782  INFO 24968 --- [restartedMain] n.p.s.c.convertor.DemoApplication        : Started DemoApplication in 0.216 seconds (JVM running for 356.006)
2019-08-06 14:52:11.783  WARN 24968 --- [restartedMain] n.p.s.c.convertor.DemoApplication        : Application Started
2019-08-06 14:52:54.450  INFO 24968 --- [restartedMain] n.p.s.c.convertor.DemoApplication        : Starting DemoApplication on Pranvi with PID 24968 (D:\Pratik\WORK\WORKSPACE\GIT_WORKSPACES\SpringToolSuite\CurrencyConvertor\target\classes started by Pratik Mehta in D:\Pratik\WORK\WORKSPACE\GIT_WORKSPACES\SpringToolSuite\CurrencyConvertor)
2019-08-06 14:52:54.450 DEBUG 24968 --- [restartedMain] n.p.s.c.convertor.DemoApplication        : Running with Spring Boot v2.1.6.RELEASE, Spring v5.1.8.RELEASE
2019-08-06 14:52:54.450  INFO 24968 --- [restartedMain] n.p.s.c.convertor.DemoApplication        : No active profile set, falling back to default profiles: default
2019-08-06 14:52:54.647  INFO 24968 --- [restartedMain] n.p.s.c.convertor.DemoApplication        : Started DemoApplication in 0.209 seconds (JVM running for 398.871)
2019-08-06 14:52:54.647  WARN 24968 --- [restartedMain] n.p.s.c.convertor.DemoApplication        : Application Started
2019-08-06 14:53:53.788  INFO 24968 --- [restartedMain] n.p.s.c.convertor.DemoApplication        : Starting DemoApplication on Pranvi with PID 24968 (D:\Pratik\WORK\WORKSPACE\GIT_WORKSPACES\SpringToolSuite\CurrencyConvertor\target\classes started by Pratik Mehta in D:\Pratik\WORK\WORKSPACE\GIT_WORKSPACES\SpringToolSuite\CurrencyConvertor)
2019-08-06 14:53:53.788 DEBUG 24968 --- [restartedMain] n.p.s.c.convertor.DemoApplication        : Running with Spring Boot v2.1.6.RELEASE, Spring v5.1.8.RELEASE
2019-08-06 14:53:53.788  INFO 24968 --- [restartedMain] n.p.s.c.convertor.DemoApplication        : No active profile set, falling back to default profiles: default
2019-08-06 14:53:54.008  INFO 24968 --- [restartedMain] n.p.s.c.convertor.DemoApplication        : Started DemoApplication in 0.233 seconds (JVM running for 458.232)
2019-08-06 14:53:54.009  WARN 24968 --- [restartedMain] n.p.s.c.convertor.DemoApplication        : Application Started
2019-08-06 14:55:10.765  INFO 24968 --- [restartedMain] n.p.s.c.convertor.DemoApplication        : Starting DemoApplication on Pranvi with PID 24968 (D:\Pratik\WORK\WORKSPACE\GIT_WORKSPACES\SpringToolSuite\CurrencyConvertor\target\classes started by Pratik Mehta in D:\Pratik\WORK\WORKSPACE\GIT_WORKSPACES\SpringToolSuite\CurrencyConvertor)
2019-08-06 14:55:10.765 DEBUG 24968 --- [restartedMain] n.p.s.c.convertor.DemoApplication        : Running with Spring Boot v2.1.6.RELEASE, Spring v5.1.8.RELEASE
2019-08-06 14:55:10.766  INFO 24968 --- [restartedMain] n.p.s.c.convertor.DemoApplication        : No active profile set, falling back to default profiles: default
2019-08-06 14:55:10.928 ERROR 24968 --- [restartedMain] o.s.boot.SpringApplication               : Application run failed

org.springframework.beans.factory.BeanCreationException: Error creating bean with name 'currencyController' defined in file [D:\Pratik\WORK\WORKSPACE\GIT_WORKSPACES\SpringToolSuite\CurrencyConvertor\target\classes\nl\pratik\spring\currency\convertor\CurrencyController.class]: Instantiation of bean failed; nested exception is org.springframework.beans.BeanInstantiationException: Failed to instantiate [nl.pratik.spring.currency.convertor.CurrencyController]: Constructor threw exception; nested exception is java.lang.Error: Unresolved compilation problem: 
	Syntax error on token ""/sendmail"", invalid MemberValuePairs

	at org.springframework.beans.factory.support.AbstractAutowireCapableBeanFactory.instantiateBean(AbstractAutowireCapableBeanFactory.java:1303) ~[spring-beans-5.1.8.RELEASE.jar:5.1.8.RELEASE]
	at org.springframework.beans.factory.support.AbstractAutowireCapableBeanFactory.createBeanInstance(AbstractAutowireCapableBeanFactory.java:1197) ~[spring-beans-5.1.8.RELEASE.jar:5.1.8.RELEASE]
	at org.springframework.beans.factory.support.AbstractAutowireCapableBeanFactory.doCreateBean(AbstractAutowireCapableBeanFactory.java:555) ~[spring-beans-5.1.8.RELEASE.jar:5.1.8.RELEASE]
	at org.springframework.beans.factory.support.AbstractAutowireCapableBeanFactory.createBean(AbstractAutowireCapableBeanFactory.java:515) ~[spring-beans-5.1.8.RELEASE.jar:5.1.8.RELEASE]
	at org.springframework.beans.factory.support.AbstractBeanFactory.lambda$doGetBean$0(AbstractBeanFactory.java:320) ~[spring-beans-5.1.8.RELEASE.jar:5.1.8.RELEASE]
	at org.springframework.beans.factory.support.DefaultSingletonBeanRegistry.getSingleton(DefaultSingletonBeanRegistry.java:222) ~[spring-beans-5.1.8.RELEASE.jar:5.1.8.RELEASE]
	at org.springframework.beans.factory.support.AbstractBeanFactory.doGetBean(AbstractBeanFactory.java:318) ~[spring-beans-5.1.8.RELEASE.jar:5.1.8.RELEASE]
	at org.springframework.beans.factory.support.AbstractBeanFactory.getBean(AbstractBeanFactory.java:199) ~[spring-beans-5.1.8.RELEASE.jar:5.1.8.RELEASE]
	at org.springframework.beans.factory.support.DefaultListableBeanFactory.preInstantiateSingletons(DefaultListableBeanFactory.java:845) ~[spring-beans-5.1.8.RELEASE.jar:5.1.8.RELEASE]
	at org.springframework.context.support.AbstractApplicationContext.finishBeanFactoryInitialization(AbstractApplicationContext.java:877) ~[spring-context-5.1.8.RELEASE.jar:5.1.8.RELEASE]
	at org.springframework.context.support.AbstractApplicationContext.refresh(AbstractApplicationContext.java:549) ~[spring-context-5.1.8.RELEASE.jar:5.1.8.RELEASE]
	at org.springframework.boot.web.servlet.context.ServletWebServerApplicationContext.refresh(ServletWebServerApplicationContext.java:140) ~[spring-boot-2.1.6.RELEASE.jar:2.1.6.RELEASE]
	at org.springframework.boot.SpringApplication.refresh(SpringApplication.java:742) [spring-boot-2.1.6.RELEASE.jar:2.1.6.RELEASE]
	at org.springframework.boot.SpringApplication.refreshContext(SpringApplication.java:389) [spring-boot-2.1.6.RELEASE.jar:2.1.6.RELEASE]
	at org.springframework.boot.SpringApplication.run(SpringApplication.java:311) [spring-boot-2.1.6.RELEASE.jar:2.1.6.RELEASE]
	at org.springframework.boot.SpringApplication.run(SpringApplication.java:1213) [spring-boot-2.1.6.RELEASE.jar:2.1.6.RELEASE]
	at org.springframework.boot.SpringApplication.run(SpringApplication.java:1202) [spring-boot-2.1.6.RELEASE.jar:2.1.6.RELEASE]
	at nl.pratik.spring.currency.convertor.DemoApplication.main(DemoApplication.java:14) [classes/:na]
	at sun.reflect.NativeMethodAccessorImpl.invoke0(Native Method) ~[na:1.8.0_191]
	at sun.reflect.NativeMethodAccessorImpl.invoke(Unknown Source) ~[na:1.8.0_191]
	at sun.reflect.DelegatingMethodAccessorImpl.invoke(Unknown Source) ~[na:1.8.0_191]
	at java.lang.reflect.Method.invoke(Unknown Source) ~[na:1.8.0_191]
	at org.springframework.boot.devtools.restart.RestartLauncher.run(RestartLauncher.java:49) [spring-boot-devtools-2.1.6.RELEASE.jar:2.1.6.RELEASE]
Caused by: org.springframework.beans.BeanInstantiationException: Failed to instantiate [nl.pratik.spring.currency.convertor.CurrencyController]: Constructor threw exception; nested exception is java.lang.Error: Unresolved compilation problem: 
	Syntax error on token ""/sendmail"", invalid MemberValuePairs

	at org.springframework.beans.BeanUtils.instantiateClass(BeanUtils.java:184) ~[spring-beans-5.1.8.RELEASE.jar:5.1.8.RELEASE]
	at org.springframework.beans.factory.support.SimpleInstantiationStrategy.instantiate(SimpleInstantiationStrategy.java:87) ~[spring-beans-5.1.8.RELEASE.jar:5.1.8.RELEASE]
	at org.springframework.beans.factory.support.AbstractAutowireCapableBeanFactory.instantiateBean(AbstractAutowireCapableBeanFactory.java:1295) ~[spring-beans-5.1.8.RELEASE.jar:5.1.8.RELEASE]
	... 22 common frames omitted
Caused by: java.lang.Error: Unresolved compilation problem: 
	Syntax error on token ""/sendmail"", invalid MemberValuePairs

	at nl.pratik.spring.currency.convertor.CurrencyController.<init>(CurrencyController.java:29) ~[classes/:na]
	at sun.reflect.NativeConstructorAccessorImpl.newInstance0(Native Method) ~[na:1.8.0_191]
	at sun.reflect.NativeConstructorAccessorImpl.newInstance(Unknown Source) ~[na:1.8.0_191]
	at sun.reflect.DelegatingConstructorAccessorImpl.newInstance(Unknown Source) ~[na:1.8.0_191]
	at java.lang.reflect.Constructor.newInstance(Unknown Source) ~[na:1.8.0_191]
	at org.springframework.beans.BeanUtils.instantiateClass(BeanUtils.java:172) ~[spring-beans-5.1.8.RELEASE.jar:5.1.8.RELEASE]
	... 24 common frames omitted

2019-08-06 14:55:41.787  INFO 24968 --- [restartedMain] n.p.s.c.convertor.DemoApplication        : Starting DemoApplication on Pranvi with PID 24968 (D:\Pratik\WORK\WORKSPACE\GIT_WORKSPACES\SpringToolSuite\CurrencyConvertor\target\classes started by Pratik Mehta in D:\Pratik\WORK\WORKSPACE\GIT_WORKSPACES\SpringToolSuite\CurrencyConvertor)
2019-08-06 14:55:41.787 DEBUG 24968 --- [restartedMain] n.p.s.c.convertor.DemoApplication        : Running with Spring Boot v2.1.6.RELEASE, Spring v5.1.8.RELEASE
2019-08-06 14:55:41.788  INFO 24968 --- [restartedMain] n.p.s.c.convertor.DemoApplication        : No active profile set, falling back to default profiles: default
2019-08-06 14:55:41.994  INFO 24968 --- [restartedMain] n.p.s.c.convertor.DemoApplication        : Started DemoApplication in 0.218 seconds (JVM running for 566.218)
2019-08-06 14:55:41.995  WARN 24968 --- [restartedMain] n.p.s.c.convertor.DemoApplication        : Application Started
2019-08-06 14:59:19.937  INFO 24968 --- [restartedMain] n.p.s.c.convertor.DemoApplication        : Starting DemoApplication on Pranvi with PID 24968 (D:\Pratik\WORK\WORKSPACE\GIT_WORKSPACES\SpringToolSuite\CurrencyConvertor\target\classes started by Pratik Mehta in D:\Pratik\WORK\WORKSPACE\GIT_WORKSPACES\SpringToolSuite\CurrencyConvertor)
2019-08-06 14:59:19.937 DEBUG 24968 --- [restartedMain] n.p.s.c.convertor.DemoApplication        : Running with Spring Boot v2.1.6.RELEASE, Spring v5.1.8.RELEASE
2019-08-06 14:59:19.937  INFO 24968 --- [restartedMain] n.p.s.c.convertor.DemoApplication        : No active profile set, falling back to default profiles: default
2019-08-06 14:59:20.165 ERROR 24968 --- [restartedMain] o.s.b.d.LoggingFailureAnalysisReporter   : 

***************************
APPLICATION FAILED TO START
***************************

Description:

Field restTemplate in nl.pratik.spring.currency.convertor.CurrencyController required a bean of type 'org.springframework.web.client.RestTemplate' that could not be found.

The injection point has the following annotations:
	- @org.springframework.beans.factory.annotation.Autowired(required=true)


Action:

Consider defining a bean of type 'org.springframework.web.client.RestTemplate' in your configuration.

2019-08-06 14:59:24.585  INFO 24968 --- [restartedMain] n.p.s.c.convertor.DemoApplication        : Starting DemoApplication on Pranvi with PID 24968 (D:\Pratik\WORK\WORKSPACE\GIT_WORKSPACES\SpringToolSuite\CurrencyConvertor\target\classes started by Pratik Mehta in D:\Pratik\WORK\WORKSPACE\GIT_WORKSPACES\SpringToolSuite\CurrencyConvertor)
2019-08-06 14:59:24.585 DEBUG 24968 --- [restartedMain] n.p.s.c.convertor.DemoApplication        : Running with Spring Boot v2.1.6.RELEASE, Spring v5.1.8.RELEASE
2019-08-06 14:59:24.585  INFO 24968 --- [restartedMain] n.p.s.c.convertor.DemoApplication        : No active profile set, falling back to default profiles: default
2019-08-06 14:59:24.806 ERROR 24968 --- [restartedMain] o.s.b.d.LoggingFailureAnalysisReporter   : 

***************************
APPLICATION FAILED TO START
***************************

Description:

Field restTemplate in nl.pratik.spring.currency.convertor.CurrencyController required a bean of type 'org.springframework.web.client.RestTemplate' that could not be found.

The injection point has the following annotations:
	- @org.springframework.beans.factory.annotation.Autowired(required=true)


Action:

Consider defining a bean of type 'org.springframework.web.client.RestTemplate' in your configuration.

2019-08-06 15:00:00.667  INFO 24968 --- [restartedMain] n.p.s.c.convertor.DemoApplication        : Starting DemoApplication on Pranvi with PID 24968 (D:\Pratik\WORK\WORKSPACE\GIT_WORKSPACES\SpringToolSuite\CurrencyConvertor\target\classes started by Pratik Mehta in D:\Pratik\WORK\WORKSPACE\GIT_WORKSPACES\SpringToolSuite\CurrencyConvertor)
2019-08-06 15:00:00.668 DEBUG 24968 --- [restartedMain] n.p.s.c.convertor.DemoApplication        : Running with Spring Boot v2.1.6.RELEASE, Spring v5.1.8.RELEASE
2019-08-06 15:00:00.668  INFO 24968 --- [restartedMain] n.p.s.c.convertor.DemoApplication        : No active profile set, falling back to default profiles: default
2019-08-06 15:00:00.910 ERROR 24968 --- [restartedMain] o.s.b.d.LoggingFailureAnalysisReporter   : 

***************************
APPLICATION FAILED TO START
***************************

Description:

Field msg in nl.pratik.spring.currency.convertor.CurrencyController required a bean of type 'org.springframework.mail.SimpleMailMessage' that could not be found.

The injection point has the following annotations:
	- @org.springframework.beans.factory.annotation.Autowired(required=true)


Action:

Consider defining a bean of type 'org.springframework.mail.SimpleMailMessage' in your configuration.

2019-08-06 15:00:32.767  INFO 24968 --- [restartedMain] n.p.s.c.convertor.DemoApplication        : Starting DemoApplication on Pranvi with PID 24968 (D:\Pratik\WORK\WORKSPACE\GIT_WORKSPACES\SpringToolSuite\CurrencyConvertor\target\classes started by Pratik Mehta in D:\Pratik\WORK\WORKSPACE\GIT_WORKSPACES\SpringToolSuite\CurrencyConvertor)
2019-08-06 15:00:32.767 DEBUG 24968 --- [restartedMain] n.p.s.c.convertor.DemoApplication        : Running with Spring Boot v2.1.6.RELEASE, Spring v5.1.8.RELEASE
2019-08-06 15:00:32.767  INFO 24968 --- [restartedMain] n.p.s.c.convertor.DemoApplication        : No active profile set, falling back to default profiles: default
2019-08-06 15:00:32.962  INFO 24968 --- [restartedMain] n.p.s.c.convertor.DemoApplication        : Started DemoApplication in 0.206 seconds (JVM running for 857.186)
2019-08-06 15:00:32.963  WARN 24968 --- [restartedMain] n.p.s.c.convertor.DemoApplication        : Application Started
2019-08-06 15:01:11.052 DEBUG 24968 --- [http-nio-9090-exec-1] n.p.s.c.convertor.CurrencyController     : Current rate is 79.203256
2019-08-06 15:01:12.200 DEBUG 24968 --- [http-nio-9090-exec-1] n.p.s.c.convertor.CurrencyController     : Mail send
2019-08-06 15:13:14.679  INFO 24968 --- [restartedMain] n.p.s.c.convertor.DemoApplication        : Starting DemoApplication on Pranvi with PID 24968 (D:\Pratik\WORK\WORKSPACE\GIT_WORKSPACES\SpringToolSuite\CurrencyConvertor\target\classes started by Pratik Mehta in D:\Pratik\WORK\WORKSPACE\GIT_WORKSPACES\SpringToolSuite\CurrencyConvertor)
2019-08-06 15:13:14.679 DEBUG 24968 --- [restartedMain] n.p.s.c.convertor.DemoApplication        : Running with Spring Boot v2.1.6.RELEASE, Spring v5.1.8.RELEASE
2019-08-06 15:13:14.679  INFO 24968 --- [restartedMain] n.p.s.c.convertor.DemoApplication        : No active profile set, falling back to default profiles: default
2019-08-06 15:13:14.846 ERROR 24968 --- [restartedMain] o.s.boot.SpringApplication               : Application run failed

org.springframework.beans.factory.BeanCreationException: Error creating bean with name 'currencyController' defined in file [D:\Pratik\WORK\WORKSPACE\GIT_WORKSPACES\SpringToolSuite\CurrencyConvertor\target\classes\nl\pratik\spring\currency\convertor\CurrencyController.class]: Initialization of bean failed; nested exception is java.lang.IllegalStateException: Encountered invalid @Scheduled method 'scheduleTaskWithCronExpression': Cron expression must consist of 6 fields (found 7 in "0 0/1 * 1/1 * ? *")
	at org.springframework.beans.factory.support.AbstractAutowireCapableBeanFactory.doCreateBean(AbstractAutowireCapableBeanFactory.java:601) ~[spring-beans-5.1.8.RELEASE.jar:5.1.8.RELEASE]
	at org.springframework.beans.factory.support.AbstractAutowireCapableBeanFactory.createBean(AbstractAutowireCapableBeanFactory.java:515) ~[spring-beans-5.1.8.RELEASE.jar:5.1.8.RELEASE]
	at org.springframework.beans.factory.support.AbstractBeanFactory.lambda$doGetBean$0(AbstractBeanFactory.java:320) ~[spring-beans-5.1.8.RELEASE.jar:5.1.8.RELEASE]
	at org.springframework.beans.factory.support.DefaultSingletonBeanRegistry.getSingleton(DefaultSingletonBeanRegistry.java:222) ~[spring-beans-5.1.8.RELEASE.jar:5.1.8.RELEASE]
	at org.springframework.beans.factory.support.AbstractBeanFactory.doGetBean(AbstractBeanFactory.java:318) ~[spring-beans-5.1.8.RELEASE.jar:5.1.8.RELEASE]
	at org.springframework.beans.factory.support.AbstractBeanFactory.getBean(AbstractBeanFactory.java:199) ~[spring-beans-5.1.8.RELEASE.jar:5.1.8.RELEASE]
	at org.springframework.beans.factory.support.DefaultListableBeanFactory.preInstantiateSingletons(DefaultListableBeanFactory.java:845) ~[spring-beans-5.1.8.RELEASE.jar:5.1.8.RELEASE]
	at org.springframework.context.support.AbstractApplicationContext.finishBeanFactoryInitialization(AbstractApplicationContext.java:877) ~[spring-context-5.1.8.RELEASE.jar:5.1.8.RELEASE]
	at org.springframework.context.support.AbstractApplicationContext.refresh(AbstractApplicationContext.java:549) ~[spring-context-5.1.8.RELEASE.jar:5.1.8.RELEASE]
	at org.springframework.boot.web.servlet.context.ServletWebServerApplicationContext.refresh(ServletWebServerApplicationContext.java:140) ~[spring-boot-2.1.6.RELEASE.jar:2.1.6.RELEASE]
	at org.springframework.boot.SpringApplication.refresh(SpringApplication.java:742) [spring-boot-2.1.6.RELEASE.jar:2.1.6.RELEASE]
	at org.springframework.boot.SpringApplication.refreshContext(SpringApplication.java:389) [spring-boot-2.1.6.RELEASE.jar:2.1.6.RELEASE]
	at org.springframework.boot.SpringApplication.run(SpringApplication.java:311) [spring-boot-2.1.6.RELEASE.jar:2.1.6.RELEASE]
	at org.springframework.boot.SpringApplication.run(SpringApplication.java:1213) [spring-boot-2.1.6.RELEASE.jar:2.1.6.RELEASE]
	at org.springframework.boot.SpringApplication.run(SpringApplication.java:1202) [spring-boot-2.1.6.RELEASE.jar:2.1.6.RELEASE]
	at nl.pratik.spring.currency.convertor.DemoApplication.main(DemoApplication.java:16) [classes/:na]
	at sun.reflect.NativeMethodAccessorImpl.invoke0(Native Method) ~[na:1.8.0_191]
	at sun.reflect.NativeMethodAccessorImpl.invoke(Unknown Source) ~[na:1.8.0_191]
	at sun.reflect.DelegatingMethodAccessorImpl.invoke(Unknown Source) ~[na:1.8.0_191]
	at java.lang.reflect.Method.invoke(Unknown Source) ~[na:1.8.0_191]
	at org.springframework.boot.devtools.restart.RestartLauncher.run(RestartLauncher.java:49) [spring-boot-devtools-2.1.6.RELEASE.jar:2.1.6.RELEASE]
Caused by: java.lang.IllegalStateException: Encountered invalid @Scheduled method 'scheduleTaskWithCronExpression': Cron expression must consist of 6 fields (found 7 in "0 0/1 * 1/1 * ? *")
	at org.springframework.scheduling.annotation.ScheduledAnnotationBeanPostProcessor.processScheduled(ScheduledAnnotationBeanPostProcessor.java:496) ~[spring-context-5.1.8.RELEASE.jar:5.1.8.RELEASE]
	at org.springframework.scheduling.annotation.ScheduledAnnotationBeanPostProcessor.lambda$null$1(ScheduledAnnotationBeanPostProcessor.java:359) ~[spring-context-5.1.8.RELEASE.jar:5.1.8.RELEASE]
	at java.lang.Iterable.forEach(Unknown Source) ~[na:1.8.0_191]
	at org.springframework.scheduling.annotation.ScheduledAnnotationBeanPostProcessor.lambda$postProcessAfterInitialization$2(ScheduledAnnotationBeanPostProcessor.java:359) ~[spring-context-5.1.8.RELEASE.jar:5.1.8.RELEASE]
	at java.util.LinkedHashMap.forEach(Unknown Source) ~[na:1.8.0_191]
	at org.springframework.scheduling.annotation.ScheduledAnnotationBeanPostProcessor.postProcessAfterInitialization(ScheduledAnnotationBeanPostProcessor.java:358) ~[spring-context-5.1.8.RELEASE.jar:5.1.8.RELEASE]
	at org.springframework.beans.factory.support.AbstractAutowireCapableBeanFactory.applyBeanPostProcessorsAfterInitialization(AbstractAutowireCapableBeanFactory.java:429) ~[spring-beans-5.1.8.RELEASE.jar:5.1.8.RELEASE]
	at org.springframework.beans.factory.support.AbstractAutowireCapableBeanFactory.initializeBean(AbstractAutowireCapableBeanFactory.java:1782) ~[spring-beans-5.1.8.RELEASE.jar:5.1.8.RELEASE]
	at org.springframework.beans.factory.support.AbstractAutowireCapableBeanFactory.doCreateBean(AbstractAutowireCapableBeanFactory.java:593) ~[spring-beans-5.1.8.RELEASE.jar:5.1.8.RELEASE]
	... 20 common frames omitted

2019-08-06 15:15:16.425  INFO 24968 --- [restartedMain] n.p.s.c.convertor.DemoApplication        : Starting DemoApplication on Pranvi with PID 24968 (D:\Pratik\WORK\WORKSPACE\GIT_WORKSPACES\SpringToolSuite\CurrencyConvertor\target\classes started by Pratik Mehta in D:\Pratik\WORK\WORKSPACE\GIT_WORKSPACES\SpringToolSuite\CurrencyConvertor)
2019-08-06 15:15:16.425 DEBUG 24968 --- [restartedMain] n.p.s.c.convertor.DemoApplication        : Running with Spring Boot v2.1.6.RELEASE, Spring v5.1.8.RELEASE
2019-08-06 15:15:16.425  INFO 24968 --- [restartedMain] n.p.s.c.convertor.DemoApplication        : No active profile set, falling back to default profiles: default
2019-08-06 15:15:16.633  INFO 24968 --- [restartedMain] n.p.s.c.convertor.DemoApplication        : Started DemoApplication in 0.22 seconds (JVM running for 1740.857)
2019-08-06 15:15:16.634  WARN 24968 --- [restartedMain] n.p.s.c.convertor.DemoApplication        : Application Started
2019-08-06 15:15:37.381  INFO 19900 --- [restartedMain] n.p.s.c.convertor.DemoApplication        : Starting DemoApplication on Pranvi with PID 19900 (D:\Pratik\WORK\WORKSPACE\GIT_WORKSPACES\SpringToolSuite\CurrencyConvertor\target\classes started by Pratik Mehta in D:\Pratik\WORK\WORKSPACE\GIT_WORKSPACES\SpringToolSuite\CurrencyConvertor)
2019-08-06 15:15:37.382 DEBUG 19900 --- [restartedMain] n.p.s.c.convertor.DemoApplication        : Running with Spring Boot v2.1.6.RELEASE, Spring v5.1.8.RELEASE
2019-08-06 15:15:37.382  INFO 19900 --- [restartedMain] n.p.s.c.convertor.DemoApplication        : No active profile set, falling back to default profiles: default
2019-08-06 15:15:38.267  INFO 19900 --- [restartedMain] n.p.s.c.convertor.DemoApplication        : Started DemoApplication in 1.076 seconds (JVM running for 1.617)
2019-08-06 15:15:38.269  WARN 19900 --- [restartedMain] n.p.s.c.convertor.DemoApplication        : Application Started
2019-08-06 15:16:00.425 DEBUG 19900 --- [scheduling-1] n.p.s.c.convertor.CurrencyController     : Current rate is 79.203256
2019-08-06 15:16:02.067 DEBUG 19900 --- [scheduling-1] n.p.s.c.convertor.CurrencyController     : Mail send
2019-08-06 15:17:00.372 DEBUG 19900 --- [scheduling-1] n.p.s.c.convertor.CurrencyController     : Current rate is 79.203256
2019-08-06 15:17:01.377 DEBUG 19900 --- [scheduling-1] n.p.s.c.convertor.CurrencyController     : Mail send
2019-08-06 15:18:00.374 DEBUG 19900 --- [scheduling-1] n.p.s.c.convertor.CurrencyController     : Current rate is 79.203256
2019-08-06 15:18:01.433 DEBUG 19900 --- [scheduling-1] n.p.s.c.convertor.CurrencyController     : Mail send
2019-08-06 15:19:00.369 DEBUG 19900 --- [scheduling-1] n.p.s.c.convertor.CurrencyController     : Current rate is 79.203256
2019-08-06 15:19:01.356 DEBUG 19900 --- [scheduling-1] n.p.s.c.convertor.CurrencyController     : Mail send
2019-08-06 15:20:00.369 DEBUG 19900 --- [scheduling-1] n.p.s.c.convertor.CurrencyController     : Current rate is 79.203256
2019-08-06 15:20:01.299 DEBUG 19900 --- [scheduling-1] n.p.s.c.convertor.CurrencyController     : Mail send
2019-08-06 15:24:46.391  INFO 716 --- [restartedMain] n.p.s.c.convertor.DemoApplication        : Starting DemoApplication on Pranvi with PID 716 (D:\Pratik\WORK\WORKSPACE\GIT_WORKSPACES\SpringToolSuite\CurrencyConvertor\target\classes started by Pratik Mehta in D:\Pratik\WORK\WORKSPACE\GIT_WORKSPACES\SpringToolSuite\CurrencyConvertor)
2019-08-06 15:24:46.393 DEBUG 716 --- [restartedMain] n.p.s.c.convertor.DemoApplication        : Running with Spring Boot v2.1.6.RELEASE, Spring v5.1.8.RELEASE
2019-08-06 15:24:46.393  INFO 716 --- [restartedMain] n.p.s.c.convertor.DemoApplication        : No active profile set, falling back to default profiles: default
2019-08-06 15:24:47.295  INFO 716 --- [restartedMain] n.p.s.c.convertor.DemoApplication        : Started DemoApplication in 1.104 seconds (JVM running for 1.651)
2019-08-06 15:24:47.296  WARN 716 --- [restartedMain] n.p.s.c.convertor.DemoApplication        : Application Started
