2019-08-06 14:10:10.741  INFO 30228 --- [restartedMain] n.p.s.c.convertor.DemoApplication        : Starting DemoApplication on Pranvi with PID 30228 (D:\Pratik\WORK\WORKSPACE\GIT_WORKSPACES\SpringToolSuite\demo\target\classes started by Pratik Mehta in D:\Pratik\WORK\WORKSPACE\GIT_WORKSPACES\SpringToolSuite\demo)
2019-08-06 14:10:10.743  INFO 30228 --- [restartedMain] n.p.s.c.convertor.DemoApplication        : No active profile set, falling back to default profiles: default
2019-08-06 14:10:11.830  INFO 30228 --- [restartedMain] n.p.s.c.convertor.DemoApplication        : Started DemoApplication in 1.293 seconds (JVM running for 1.926)
2019-08-06 14:13:54.760  INFO 30228 --- [restartedMain] n.p.s.c.convertor.DemoApplication        : Starting DemoApplication on Pranvi with PID 30228 (D:\Pratik\WORK\WORKSPACE\GIT_WORKSPACES\SpringToolSuite\demo\target\classes started by Pratik Mehta in D:\Pratik\WORK\WORKSPACE\GIT_WORKSPACES\SpringToolSuite\demo)
2019-08-06 14:13:54.761  INFO 30228 --- [restartedMain] n.p.s.c.convertor.DemoApplication        : No active profile set, falling back to default profiles: default
2019-08-06 14:13:55.009  INFO 30228 --- [restartedMain] n.p.s.c.convertor.DemoApplication        : Started DemoApplication in 0.263 seconds (JVM running for 225.105)
2019-08-06 14:14:08.110  INFO 30228 --- [restartedMain] n.p.s.c.convertor.DemoApplication        : Starting DemoApplication on Pranvi with PID 30228 (D:\Pratik\WORK\WORKSPACE\GIT_WORKSPACES\SpringToolSuite\demo\target\classes started by Pratik Mehta in D:\Pratik\WORK\WORKSPACE\GIT_WORKSPACES\SpringToolSuite\demo)
2019-08-06 14:14:08.111  INFO 30228 --- [restartedMain] n.p.s.c.convertor.DemoApplication        : No active profile set, falling back to default profiles: default
2019-08-06 14:14:08.344  INFO 30228 --- [restartedMain] n.p.s.c.convertor.DemoApplication        : Started DemoApplication in 0.25 seconds (JVM running for 238.441)
2019-08-06 14:14:49.051  INFO 30228 --- [restartedMain] n.p.s.c.convertor.DemoApplication        : Starting DemoApplication on Pranvi with PID 30228 (D:\Pratik\WORK\WORKSPACE\GIT_WORKSPACES\SpringToolSuite\demo\target\classes started by Pratik Mehta in D:\Pratik\WORK\WORKSPACE\GIT_WORKSPACES\SpringToolSuite\demo)
2019-08-06 14:14:49.051  INFO 30228 --- [restartedMain] n.p.s.c.convertor.DemoApplication        : No active profile set, falling back to default profiles: default
2019-08-06 14:14:49.267  INFO 30228 --- [restartedMain] n.p.s.c.convertor.DemoApplication        : Started DemoApplication in 0.229 seconds (JVM running for 279.363)
2019-08-06 14:15:06.516 ERROR 30228 --- [http-nio-9090-exec-1] o.a.c.c.C.[.[.[/cc].[dispatcherServlet]  : Servlet.service() for servlet [dispatcherServlet] in context with path [/cc] threw exception [Request processing failed; nested exception is org.springframework.mail.MailAuthenticationException: Authentication failed; nested exception is javax.mail.AuthenticationFailedException: 535-5.7.8 Username and Password not accepted. Learn more at
535 5.7.8  https://support.google.com/mail/?p=BadCredentials m39sm20988038edm.96 - gsmtp
] with root cause

javax.mail.AuthenticationFailedException: 535-5.7.8 Username and Password not accepted. Learn more at
535 5.7.8  https://support.google.com/mail/?p=BadCredentials m39sm20988038edm.96 - gsmtp

	at com.sun.mail.smtp.SMTPTransport$Authenticator.authenticate(SMTPTransport.java:965) ~[javax.mail-1.6.2.jar:1.6.2]
	at com.sun.mail.smtp.SMTPTransport.authenticate(SMTPTransport.java:876) ~[javax.mail-1.6.2.jar:1.6.2]
	at com.sun.mail.smtp.SMTPTransport.protocolConnect(SMTPTransport.java:780) ~[javax.mail-1.6.2.jar:1.6.2]
	at javax.mail.Service.connect(Service.java:366) ~[javax.mail-1.6.2.jar:1.6.2]
	at org.springframework.mail.javamail.JavaMailSenderImpl.connectTransport(JavaMailSenderImpl.java:517) ~[spring-context-support-5.1.8.RELEASE.jar:5.1.8.RELEASE]
	at org.springframework.mail.javamail.JavaMailSenderImpl.doSend(JavaMailSenderImpl.java:436) ~[spring-context-support-5.1.8.RELEASE.jar:5.1.8.RELEASE]
	at org.springframework.mail.javamail.JavaMailSenderImpl.send(JavaMailSenderImpl.java:322) ~[spring-context-support-5.1.8.RELEASE.jar:5.1.8.RELEASE]
	at org.springframework.mail.javamail.JavaMailSenderImpl.send(JavaMailSenderImpl.java:311) ~[spring-context-support-5.1.8.RELEASE.jar:5.1.8.RELEASE]
	at nl.pratik.spring.currency.convertor.CurrencyController.sendEmail(CurrencyController.java:33) ~[classes/:na]
	at sun.reflect.NativeMethodAccessorImpl.invoke0(Native Method) ~[na:1.8.0_191]
	at sun.reflect.NativeMethodAccessorImpl.invoke(Unknown Source) ~[na:1.8.0_191]
	at sun.reflect.DelegatingMethodAccessorImpl.invoke(Unknown Source) ~[na:1.8.0_191]
	at java.lang.reflect.Method.invoke(Unknown Source) ~[na:1.8.0_191]
	at org.springframework.web.method.support.InvocableHandlerMethod.doInvoke(InvocableHandlerMethod.java:190) ~[spring-web-5.1.8.RELEASE.jar:5.1.8.RELEASE]
	at org.springframework.web.method.support.InvocableHandlerMethod.invokeForRequest(InvocableHandlerMethod.java:138) ~[spring-web-5.1.8.RELEASE.jar:5.1.8.RELEASE]
	at org.springframework.web.servlet.mvc.method.annotation.ServletInvocableHandlerMethod.invokeAndHandle(ServletInvocableHandlerMethod.java:104) ~[spring-webmvc-5.1.8.RELEASE.jar:5.1.8.RELEASE]
	at org.springframework.web.servlet.mvc.method.annotation.RequestMappingHandlerAdapter.invokeHandlerMethod(RequestMappingHandlerAdapter.java:892) ~[spring-webmvc-5.1.8.RELEASE.jar:5.1.8.RELEASE]
	at org.springframework.web.servlet.mvc.method.annotation.RequestMappingHandlerAdapter.handleInternal(RequestMappingHandlerAdapter.java:797) ~[spring-webmvc-5.1.8.RELEASE.jar:5.1.8.RELEASE]
	at org.springframework.web.servlet.mvc.method.AbstractHandlerMethodAdapter.handle(AbstractHandlerMethodAdapter.java:87) ~[spring-webmvc-5.1.8.RELEASE.jar:5.1.8.RELEASE]
	at org.springframework.web.servlet.DispatcherServlet.doDispatch(DispatcherServlet.java:1039) ~[spring-webmvc-5.1.8.RELEASE.jar:5.1.8.RELEASE]
	at org.springframework.web.servlet.DispatcherServlet.doService(DispatcherServlet.java:942) ~[spring-webmvc-5.1.8.RELEASE.jar:5.1.8.RELEASE]
	at org.springframework.web.servlet.FrameworkServlet.processRequest(FrameworkServlet.java:1005) ~[spring-webmvc-5.1.8.RELEASE.jar:5.1.8.RELEASE]
	at org.springframework.web.servlet.FrameworkServlet.doGet(FrameworkServlet.java:897) ~[spring-webmvc-5.1.8.RELEASE.jar:5.1.8.RELEASE]
	at javax.servlet.http.HttpServlet.service(HttpServlet.java:634) ~[tomcat-embed-core-9.0.21.jar:9.0.21]
	at org.springframework.web.servlet.FrameworkServlet.service(FrameworkServlet.java:882) ~[spring-webmvc-5.1.8.RELEASE.jar:5.1.8.RELEASE]
	at javax.servlet.http.HttpServlet.service(HttpServlet.java:741) ~[tomcat-embed-core-9.0.21.jar:9.0.21]
	at org.apache.catalina.core.ApplicationFilterChain.internalDoFilter(ApplicationFilterChain.java:231) ~[tomcat-embed-core-9.0.21.jar:9.0.21]
	at org.apache.catalina.core.ApplicationFilterChain.doFilter(ApplicationFilterChain.java:166) ~[tomcat-embed-core-9.0.21.jar:9.0.21]
	at org.apache.tomcat.websocket.server.WsFilter.doFilter(WsFilter.java:53) ~[tomcat-embed-websocket-9.0.21.jar:9.0.21]
	at org.apache.catalina.core.ApplicationFilterChain.internalDoFilter(ApplicationFilterChain.java:193) ~[tomcat-embed-core-9.0.21.jar:9.0.21]
	at org.apache.catalina.core.ApplicationFilterChain.doFilter(ApplicationFilterChain.java:166) ~[tomcat-embed-core-9.0.21.jar:9.0.21]
	at org.springframework.web.filter.RequestContextFilter.doFilterInternal(RequestContextFilter.java:99) ~[spring-web-5.1.8.RELEASE.jar:5.1.8.RELEASE]
	at org.springframework.web.filter.OncePerRequestFilter.doFilter(OncePerRequestFilter.java:109) ~[spring-web-5.1.8.RELEASE.jar:5.1.8.RELEASE]
	at org.apache.catalina.core.ApplicationFilterChain.internalDoFilter(ApplicationFilterChain.java:193) ~[tomcat-embed-core-9.0.21.jar:9.0.21]
	at org.apache.catalina.core.ApplicationFilterChain.doFilter(ApplicationFilterChain.java:166) ~[tomcat-embed-core-9.0.21.jar:9.0.21]
	at org.springframework.web.filter.FormContentFilter.doFilterInternal(FormContentFilter.java:92) ~[spring-web-5.1.8.RELEASE.jar:5.1.8.RELEASE]
	at org.springframework.web.filter.OncePerRequestFilter.doFilter(OncePerRequestFilter.java:109) ~[spring-web-5.1.8.RELEASE.jar:5.1.8.RELEASE]
	at org.apache.catalina.core.ApplicationFilterChain.internalDoFilter(ApplicationFilterChain.java:193) ~[tomcat-embed-core-9.0.21.jar:9.0.21]
	at org.apache.catalina.core.ApplicationFilterChain.doFilter(ApplicationFilterChain.java:166) ~[tomcat-embed-core-9.0.21.jar:9.0.21]
	at org.springframework.web.filter.HiddenHttpMethodFilter.doFilterInternal(HiddenHttpMethodFilter.java:93) ~[spring-web-5.1.8.RELEASE.jar:5.1.8.RELEASE]
	at org.springframework.web.filter.OncePerRequestFilter.doFilter(OncePerRequestFilter.java:109) ~[spring-web-5.1.8.RELEASE.jar:5.1.8.RELEASE]
	at org.apache.catalina.core.ApplicationFilterChain.internalDoFilter(ApplicationFilterChain.java:193) ~[tomcat-embed-core-9.0.21.jar:9.0.21]
	at org.apache.catalina.core.ApplicationFilterChain.doFilter(ApplicationFilterChain.java:166) ~[tomcat-embed-core-9.0.21.jar:9.0.21]
	at org.springframework.web.filter.CharacterEncodingFilter.doFilterInternal(CharacterEncodingFilter.java:200) ~[spring-web-5.1.8.RELEASE.jar:5.1.8.RELEASE]
	at org.springframework.web.filter.OncePerRequestFilter.doFilter(OncePerRequestFilter.java:109) ~[spring-web-5.1.8.RELEASE.jar:5.1.8.RELEASE]
	at org.apache.catalina.core.ApplicationFilterChain.internalDoFilter(ApplicationFilterChain.java:193) ~[tomcat-embed-core-9.0.21.jar:9.0.21]
	at org.apache.catalina.core.ApplicationFilterChain.doFilter(ApplicationFilterChain.java:166) ~[tomcat-embed-core-9.0.21.jar:9.0.21]
	at org.apache.catalina.core.StandardWrapperValve.invoke(StandardWrapperValve.java:202) ~[tomcat-embed-core-9.0.21.jar:9.0.21]
	at org.apache.catalina.core.StandardContextValve.invoke(StandardContextValve.java:96) [tomcat-embed-core-9.0.21.jar:9.0.21]
	at org.apache.catalina.authenticator.AuthenticatorBase.invoke(AuthenticatorBase.java:490) [tomcat-embed-core-9.0.21.jar:9.0.21]
	at org.apache.catalina.core.StandardHostValve.invoke(StandardHostValve.java:139) [tomcat-embed-core-9.0.21.jar:9.0.21]
	at org.apache.catalina.valves.ErrorReportValve.invoke(ErrorReportValve.java:92) [tomcat-embed-core-9.0.21.jar:9.0.21]
	at org.apache.catalina.core.StandardEngineValve.invoke(StandardEngineValve.java:74) [tomcat-embed-core-9.0.21.jar:9.0.21]
	at org.apache.catalina.connector.CoyoteAdapter.service(CoyoteAdapter.java:343) [tomcat-embed-core-9.0.21.jar:9.0.21]
	at org.apache.coyote.http11.Http11Processor.service(Http11Processor.java:408) [tomcat-embed-core-9.0.21.jar:9.0.21]
	at org.apache.coyote.AbstractProcessorLight.process(AbstractProcessorLight.java:66) [tomcat-embed-core-9.0.21.jar:9.0.21]
	at org.apache.coyote.AbstractProtocol$ConnectionHandler.process(AbstractProtocol.java:853) [tomcat-embed-core-9.0.21.jar:9.0.21]
	at org.apache.tomcat.util.net.NioEndpoint$SocketProcessor.doRun(NioEndpoint.java:1587) [tomcat-embed-core-9.0.21.jar:9.0.21]
	at org.apache.tomcat.util.net.SocketProcessorBase.run(SocketProcessorBase.java:49) [tomcat-embed-core-9.0.21.jar:9.0.21]
	at java.util.concurrent.ThreadPoolExecutor.runWorker(Unknown Source) [na:1.8.0_191]
	at java.util.concurrent.ThreadPoolExecutor$Worker.run(Unknown Source) [na:1.8.0_191]
	at org.apache.tomcat.util.threads.TaskThread$WrappingRunnable.run(TaskThread.java:61) [tomcat-embed-core-9.0.21.jar:9.0.21]
	at java.lang.Thread.run(Unknown Source) [na:1.8.0_191]

2019-08-06 14:20:36.391  INFO 30228 --- [restartedMain] n.p.s.c.convertor.DemoApplication        : Starting DemoApplication on Pranvi with PID 30228 (D:\Pratik\WORK\WORKSPACE\GIT_WORKSPACES\SpringToolSuite\demo\target\classes started by Pratik Mehta in D:\Pratik\WORK\WORKSPACE\GIT_WORKSPACES\SpringToolSuite\demo)
2019-08-06 14:20:36.391  INFO 30228 --- [restartedMain] n.p.s.c.convertor.DemoApplication        : No active profile set, falling back to default profiles: default
2019-08-06 14:20:36.595  INFO 30228 --- [restartedMain] n.p.s.c.convertor.DemoApplication        : Started DemoApplication in 0.217 seconds (JVM running for 626.691)
2019-08-06 14:46:16.515  INFO 24968 --- [restartedMain] n.p.s.c.convertor.DemoApplication        : Starting DemoApplication on Pranvi with PID 24968 (D:\Pratik\WORK\WORKSPACE\GIT_WORKSPACES\SpringToolSuite\CurrencyConvertor\target\classes started by Pratik Mehta in D:\Pratik\WORK\WORKSPACE\GIT_WORKSPACES\SpringToolSuite\CurrencyConvertor)
2019-08-06 14:46:16.517  INFO 24968 --- [restartedMain] n.p.s.c.convertor.DemoApplication        : No active profile set, falling back to default profiles: default
2019-08-06 14:46:17.397  INFO 24968 --- [restartedMain] n.p.s.c.convertor.DemoApplication        : Started DemoApplication in 1.075 seconds (JVM running for 1.621)
2019-08-06 14:49:29.319  INFO 24968 --- [restartedMain] n.p.s.c.convertor.DemoApplication        : Starting DemoApplication on Pranvi with PID 24968 (D:\Pratik\WORK\WORKSPACE\GIT_WORKSPACES\SpringToolSuite\CurrencyConvertor\target\classes started by Pratik Mehta in D:\Pratik\WORK\WORKSPACE\GIT_WORKSPACES\SpringToolSuite\CurrencyConvertor)
2019-08-06 14:49:29.319  INFO 24968 --- [restartedMain] n.p.s.c.convertor.DemoApplication        : No active profile set, falling back to default profiles: default
2019-08-06 14:49:29.546  INFO 24968 --- [restartedMain] n.p.s.c.convertor.DemoApplication        : Started DemoApplication in 0.241 seconds (JVM running for 193.77)
2019-08-06 14:49:58.260  INFO 24968 --- [restartedMain] n.p.s.c.convertor.DemoApplication        : Starting DemoApplication on Pranvi with PID 24968 (D:\Pratik\WORK\WORKSPACE\GIT_WORKSPACES\SpringToolSuite\CurrencyConvertor\target\classes started by Pratik Mehta in D:\Pratik\WORK\WORKSPACE\GIT_WORKSPACES\SpringToolSuite\CurrencyConvertor)
2019-08-06 14:49:58.260  INFO 24968 --- [restartedMain] n.p.s.c.convertor.DemoApplication        : No active profile set, falling back to default profiles: default
2019-08-06 14:49:58.470  INFO 24968 --- [restartedMain] n.p.s.c.convertor.DemoApplication        : Started DemoApplication in 0.223 seconds (JVM running for 222.694)
